<?xml version="1.0" encoding="UTF-8"?>
<testsuite name="gin.LocalSearchTest" tests="2" skipped="0" failures="0" errors="0" timestamp="2017-09-30T10:45:17" hostname="brad-virtual-machine" time="0.48">
  <properties/>
  <testcase name="neighbour" classname="gin.LocalSearchTest" time="0.461"/>
  <testcase name="localSearch" classname="gin.LocalSearchTest" time="0.019"/>
  <system-out><![CDATA[]]></system-out>
  <system-err><![CDATA[]]></system-err>
</testsuite>
